Starting execution of RUNMACROAFTER at: 5/6/2016 5:26:23 PM
plot1$=concat$('T-s: ',ORCF$)
DELETEPLOT PLOT1$
PROPPLOT cyclopentane TS 3 101325 103829 2.647E+06 0
OVERLAYXYPlot 5   TABLE=ARRAYSTABLE  X=s_comp[i]  Y=T_comp[i]  LINE=3  SYMBOL=15  COLOR=GREEN
OVERLAYXYPlot 6   TABLE=ARR  X=s_c[i]  Y=T_c[i]  LINE=3  SYMBOL=15  COLOR=BLUE
OVERLAYXYPlot 7   TABLE=ARR  X=s_a[i]  Y=T_a[i]  LINE=3  SYMBOL=15  COLOR=PURPLE
OVERLAYXYPlot 8   TABLE=ARR  X=s_h_IHE[i]  Y=T_h_IHE[i]  LINE=3  SYMBOL=15  COLOR=BROWN
MODIFYAXIS X NAME=PLOT1$ MIN=-500 MAX=2000 LINEAR INT=500
MODIFYAXIS Y NAME=PLOT1$ MIN=250 MAX = 550 LINEAR INT=50
Export 'C:\Users\Louis Le\Dropbox\workspace\ORCAL\ORCAL_Models\Data\To_tphex.csv' P_pp, P_fan_SI
Saving
excel.fileopen ('C:\Users\Louis Le\Dropbox\workspace\ORCAL\ORCAL_Models\StaticModels\Result\ORCAL_Sizing.xlsx')
excel.sheet('solution')
excel.range('A1:A1000')
COPY SOLUTIONWINDOW
excel.Paste
excel.sheet('Diagram Window')
excel.range('S1:S1000')
COPY PLOTWINDOW PLOT1$
excel.Pastespecial(enhanced metafile)
excel.show
Stopping at: 5/6/2016 5:26:27 PM
